<?xml version="1.0" encoding="UTF-8"?>
<coverage generated="1610679674811" clover="3.2.0">
  <project timestamp="1610679674811" name="All files">
    <metrics statements="53" coveredstatements="34" conditionals="10" coveredconditionals="4" methods="37" coveredmethods="22" elements="100" coveredelements="60" complexity="0" loc="53" ncloc="53" packages="1" files="2" classes="2"/>
    <file name="todo.js" path="/Users/raulmac/git_repos/todoList/todo.js">
      <metrics statements="11" coveredstatements="8" conditionals="2" coveredconditionals="0" methods="6" coveredmethods="4"/>
      <line num="2" count="1" type="stmt"/>
      <line num="3" count="1" type="stmt"/>
      <line num="6" count="39" type="stmt"/>
      <line num="7" count="39" type="stmt"/>
      <line num="11" count="0" type="cond" truecount="0" falsecount="2"/>
      <line num="12" count="0" type="stmt"/>
      <line num="16" count="11" type="stmt"/>
      <line num="20" count="1" type="stmt"/>
      <line num="24" count="14" type="stmt"/>
      <line num="28" count="0" type="stmt"/>
      <line num="32" count="1" type="stmt"/>
    </file>
    <file name="todoList.js" path="/Users/raulmac/git_repos/todoList/todoList.js">
      <metrics statements="42" coveredstatements="26" conditionals="8" coveredconditionals="4" methods="31" coveredmethods="18"/>
      <line num="1" count="1" type="stmt"/>
      <line num="5" count="14" type="stmt"/>
      <line num="6" count="14" type="stmt"/>
      <line num="10" count="42" type="cond" truecount="2" falsecount="0"/>
      <line num="11" count="3" type="stmt"/>
      <line num="13" count="39" type="stmt"/>
      <line num="17" count="1" type="stmt"/>
      <line num="21" count="1" type="stmt"/>
      <line num="25" count="1" type="stmt"/>
      <line num="29" count="7" type="stmt"/>
      <line num="30" count="4" type="stmt"/>
      <line num="34" count="8" type="cond" truecount="2" falsecount="0"/>
      <line num="35" count="3" type="stmt"/>
      <line num="40" count="3" type="stmt"/>
      <line num="41" count="2" type="stmt"/>
      <line num="45" count="2" type="stmt"/>
      <line num="46" count="1" type="stmt"/>
      <line num="50" count="8" type="stmt"/>
      <line num="54" count="1" type="stmt"/>
      <line num="58" count="1" type="stmt"/>
      <line num="62" count="1" type="stmt"/>
      <line num="63" count="1" type="stmt"/>
      <line num="67" count="0" type="stmt"/>
      <line num="68" count="0" type="stmt"/>
      <line num="69" count="0" type="stmt"/>
      <line num="71" count="0" type="stmt"/>
      <line num="75" count="4" type="stmt"/>
      <line num="79" count="0" type="stmt"/>
      <line num="83" count="0" type="stmt"/>
      <line num="87" count="0" type="stmt"/>
      <line num="91" count="0" type="stmt"/>
      <line num="92" count="0" type="cond" truecount="0" falsecount="2"/>
      <line num="93" count="0" type="stmt"/>
      <line num="98" count="9" type="stmt"/>
      <line num="102" count="0" type="stmt"/>
      <line num="106" count="3" type="stmt"/>
      <line num="110" count="0" type="stmt"/>
      <line num="111" count="0" type="stmt"/>
      <line num="112" count="0" type="cond" truecount="0" falsecount="2"/>
      <line num="113" count="0" type="stmt"/>
      <line num="117" count="0" type="stmt"/>
      <line num="121" count="1" type="stmt"/>
    </file>
  </project>
</coverage>
