TN:
SF:todo.js
FN:5,(anonymous_0)
FN:10,(anonymous_1)
FN:15,(anonymous_2)
FN:19,(anonymous_3)
FN:23,(anonymous_4)
FN:27,(anonymous_5)
FNF:6
FNH:4
FNDA:39,(anonymous_0)
FNDA:0,(anonymous_1)
FNDA:11,(anonymous_2)
FNDA:1,(anonymous_3)
FNDA:14,(anonymous_4)
FNDA:0,(anonymous_5)
DA:2,1
DA:3,1
DA:6,39
DA:7,39
DA:11,0
DA:12,0
DA:16,11
DA:20,1
DA:24,14
DA:28,0
DA:32,1
LF:11
LH:8
BRDA:11,0,0,0
BRDA:11,0,1,0
BRF:2
BRH:0
end_of_record
TN:
SF:todoList.js
FN:4,(anonymous_0)
FN:9,(anonymous_1)
FN:16,(anonymous_2)
FN:20,(anonymous_3)
FN:24,(anonymous_4)
FN:28,(anonymous_5)
FN:33,(anonymous_6)
FN:39,(anonymous_7)
FN:44,(anonymous_8)
FN:49,(anonymous_9)
FN:50,(anonymous_10)
FN:53,(anonymous_11)
FN:57,(anonymous_12)
FN:61,(anonymous_13)
FN:66,(anonymous_14)
FN:68,(anonymous_15)
FN:74,(anonymous_16)
FN:78,(anonymous_17)
FN:79,(anonymous_18)
FN:82,(anonymous_19)
FN:83,(anonymous_20)
FN:86,(anonymous_21)
FN:87,(anonymous_22)
FN:90,(anonymous_23)
FN:97,(anonymous_24)
FN:98,(anonymous_25)
FN:101,(anonymous_26)
FN:102,(anonymous_27)
FN:105,(anonymous_28)
FN:109,(anonymous_29)
FN:111,(anonymous_30)
FNF:31
FNH:18
FNDA:14,(anonymous_0)
FNDA:42,(anonymous_1)
FNDA:1,(anonymous_2)
FNDA:1,(anonymous_3)
FNDA:1,(anonymous_4)
FNDA:7,(anonymous_5)
FNDA:8,(anonymous_6)
FNDA:3,(anonymous_7)
FNDA:2,(anonymous_8)
FNDA:3,(anonymous_9)
FNDA:8,(anonymous_10)
FNDA:1,(anonymous_11)
FNDA:1,(anonymous_12)
FNDA:1,(anonymous_13)
FNDA:0,(anonymous_14)
FNDA:0,(anonymous_15)
FNDA:4,(anonymous_16)
FNDA:0,(anonymous_17)
FNDA:0,(anonymous_18)
FNDA:0,(anonymous_19)
FNDA:0,(anonymous_20)
FNDA:0,(anonymous_21)
FNDA:0,(anonymous_22)
FNDA:0,(anonymous_23)
FNDA:3,(anonymous_24)
FNDA:9,(anonymous_25)
FNDA:0,(anonymous_26)
FNDA:0,(anonymous_27)
FNDA:3,(anonymous_28)
FNDA:0,(anonymous_29)
FNDA:0,(anonymous_30)
DA:1,1
DA:5,14
DA:6,14
DA:10,42
DA:11,3
DA:13,39
DA:17,1
DA:21,1
DA:25,1
DA:29,7
DA:30,4
DA:34,8
DA:35,3
DA:40,3
DA:41,2
DA:45,2
DA:46,1
DA:50,8
DA:54,1
DA:58,1
DA:62,1
DA:63,1
DA:67,0
DA:68,0
DA:69,0
DA:71,0
DA:75,4
DA:79,0
DA:83,0
DA:87,0
DA:91,0
DA:92,0
DA:93,0
DA:98,9
DA:102,0
DA:106,3
DA:110,0
DA:111,0
DA:112,0
DA:113,0
DA:117,0
DA:121,1
LF:42
LH:26
BRDA:10,0,0,3
BRDA:10,0,1,39
BRDA:34,1,0,3
BRDA:34,1,1,5
BRDA:92,2,0,0
BRDA:92,2,1,0
BRDA:112,3,0,0
BRDA:112,3,1,0
BRF:8
BRH:4
end_of_record
